2022-03-16:10:57:41:5741 [32minfo[39m [32mAplicação rodando na porta 3000[39m 
2022-03-16:10:59:42:5942 [32minfo[39m [32mAplicação rodando na porta 3000[39m 
2022-03-16:11:01:11:111 [32minfo[39m [32mConectou ao banco de dados[39m 
2022-03-16:11:01:11:111 [32minfo[39m [32mAplicação rodando na porta 3000[39m 
2022-03-16:11:32:39:3239 [32minfo[39m [32mConectou ao banco de dados[39m 
2022-03-16:11:32:39:3239 [32minfo[39m [32mAplicação rodando na porta 3000[39m 
2022-03-16:11:34:51:3451 [32minfo[39m [32mConectou ao banco de dados[39m 
2022-03-16:11:34:51:3451 [32minfo[39m [32mAplicação rodando na porta 3000[39m 
2022-03-16:11:35:10:3510 [35mhttp[39m [35mGET /api/test 11 - 4.104 ms[39m
[35m[39m 
2022-03-17:08:45:46:4546 [32minfo[39m [32mConectou ao banco de dados[39m 
2022-03-17:08:45:46:4546 [32minfo[39m [32mAplicação rodando na porta 3000[39m 
2022-03-17:08:48:13:4813 [35mhttp[39m [35mPOST /api/movie 9 - 3.894 ms[39m
[35m[39m 
2022-03-17:08:50:23:5023 [32minfo[39m [32mConectou ao banco de dados[39m 
2022-03-17:08:50:23:5023 [32minfo[39m [32mAplicação rodando na porta 3000[39m 
2022-03-17:08:54:47:5447 [32minfo[39m [32mConectou ao banco de dados[39m 
2022-03-17:08:54:47:5447 [32minfo[39m [32mAplicação rodando na porta 3000[39m 
2022-03-17:08:58:13:5813 [35mhttp[39m [35mPOST /api/movie 132 - 41.935 ms[39m
[35m[39m 
2022-03-17:09:04:01:41 [32minfo[39m [32mConectou ao banco de dados[39m 
2022-03-17:09:04:01:41 [32minfo[39m [32mAplicação rodando na porta 3000[39m 
2022-03-17:09:04:47:447 [35mhttp[39m [35mPOST /api/movie - - - ms[39m
[35m[39m 
2022-03-17:09:09:35:935 [32minfo[39m [32mConectou ao banco de dados[39m 
2022-03-17:09:09:35:935 [32minfo[39m [32mAplicação rodando na porta 3000[39m 
2022-03-17:09:13:13:1313 [35mhttp[39m [35mPOST /api/movie - - - ms[39m
[35m[39m 
2022-03-17:09:13:32:1332 [32minfo[39m [32mConectou ao banco de dados[39m 
2022-03-17:09:13:32:1332 [32minfo[39m [32mAplicação rodando na porta 3000[39m 
2022-03-17:09:13:53:1353 [35mhttp[39m [35mPOST /api/movie 150 - 47.831 ms[39m
[35m[39m 
2022-03-17:09:40:10:4010 [32minfo[39m [32mConectou ao banco de dados[39m 
2022-03-17:09:40:10:4010 [32minfo[39m [32mAplicação rodando na porta 3000[39m 
2022-03-17:09:42:37:4237 [32minfo[39m [32mConectou ao banco de dados[39m 
2022-03-17:09:42:37:4237 [32minfo[39m [32mAplicação rodando na porta 3000[39m 
2022-03-17:09:42:55:4255 [35mhttp[39m [35mPOST /api/movie 50 - 9.547 ms[39m
[35m[39m 
2022-03-17:10:14:50:1450 [32minfo[39m [32mConectou ao banco de dados[39m 
2022-03-17:10:14:50:1450 [32minfo[39m [32mAplicação rodando na porta 3000[39m 
2022-03-17:10:15:02:152 [35mhttp[39m [35mPOST /api/movie 70 - 9.712 ms[39m
[35m[39m 
2022-03-17:10:16:05:165 [32minfo[39m [32mConectou ao banco de dados[39m 
2022-03-17:10:16:05:165 [32minfo[39m [32mAplicação rodando na porta 3000[39m 
2022-03-17:10:16:28:1628 [35mhttp[39m [35mPOST /api/movie 55 - 10.731 ms[39m
[35m[39m 
2022-03-17:10:18:28:1828 [32minfo[39m [32mConectou ao banco de dados[39m 
2022-03-17:10:18:28:1828 [32minfo[39m [32mAplicação rodando na porta 3000[39m 
2022-03-17:10:18:34:1834 [32minfo[39m [32mConectou ao banco de dados[39m 
2022-03-17:10:18:34:1834 [32minfo[39m [32mAplicação rodando na porta 3000[39m 
2022-03-17:10:18:47:1847 [35mhttp[39m [35mPOST /api/movie 57 - 10.953 ms[39m
[35m[39m 
2022-03-17:10:19:55:1955 [32minfo[39m [32mConectou ao banco de dados[39m 
2022-03-17:10:19:55:1955 [32minfo[39m [32mAplicação rodando na porta 3000[39m 
2022-03-17:10:20:05:205 [35mhttp[39m [35mPOST /api/movie 60 - 10.910 ms[39m
[35m[39m 
2022-03-17:10:21:29:2129 [32minfo[39m [32mConectou ao banco de dados[39m 
2022-03-17:10:21:29:2129 [32minfo[39m [32mAplicação rodando na porta 3000[39m 
2022-03-17:10:21:51:2151 [35mhttp[39m [35mPOST /api/movie 61 - 12.274 ms[39m
[35m[39m 
2022-03-17:10:23:10:2310 [32minfo[39m [32mConectou ao banco de dados[39m 
2022-03-17:10:23:10:2310 [32minfo[39m [32mAplicação rodando na porta 3000[39m 
2022-03-17:10:24:07:247 [35mhttp[39m [35mPOST /api/movie 103 - 11.861 ms[39m
[35m[39m 
2022-03-17:10:24:29:2429 [35mhttp[39m [35mPOST /api/movie 54 - 3.368 ms[39m
[35m[39m 
2022-03-17:10:26:31:2631 [35mhttp[39m [35mPOST /api/movie 54 - 1.946 ms[39m
[35m[39m 
2022-03-17:10:26:50:2650 [35mhttp[39m [35mPOST /api/movie 495 - 59.877 ms[39m
[35m[39m 
2022-03-17:10:35:04:354 [32minfo[39m [32mConectou ao banco de dados[39m 
2022-03-17:10:35:04:354 [32minfo[39m [32mAplicação rodando na porta 3000[39m 
2022-03-17:10:36:21:3621 [32minfo[39m [32mConectou ao banco de dados[39m 
2022-03-17:10:36:21:3621 [32minfo[39m [32mAplicação rodando na porta 3000[39m 
2022-03-17:10:37:45:3745 [31merror[39m [31mErro no sistema Cast to ObjectId failed for value "56" (type string) at path "_id" for model "Movie"[39m 
2022-03-17:10:37:56:3756 [35mhttp[39m [35mGET /api/movie/56 - - - ms[39m
[35m[39m 
2022-03-17:10:38:04:384 [31merror[39m [31mErro no sistema Cast to ObjectId failed for value "56" (type string) at path "_id" for model "Movie"[39m 
2022-03-17:10:38:09:389 [35mhttp[39m [35mGET /api//movie/56 - - - ms[39m
[35m[39m 
2022-03-17:10:40:30:4030 [35mhttp[39m [35mGET /api//movie/6233371a7d0f6aa23cb80318 31 - 35.664 ms[39m
[35m[39m 
2022-03-17:10:43:31:4331 [32minfo[39m [32mConectou ao banco de dados[39m 
2022-03-17:10:43:31:4331 [32minfo[39m [32mAplicação rodando na porta 3000[39m 
2022-03-17:10:43:37:4337 [35mhttp[39m [35mGET /api//movie/6233371a7d0f6aa23cb80317 495 - 49.307 ms[39m
[35m[39m 
2022-03-17:10:47:10:4710 [32minfo[39m [32mConectou ao banco de dados[39m 
2022-03-17:10:47:10:4710 [32minfo[39m [32mAplicação rodando na porta 3000[39m 
2022-03-17:10:48:46:4846 [32minfo[39m [32mConectou ao banco de dados[39m 
2022-03-17:10:48:46:4846 [32minfo[39m [32mAplicação rodando na porta 3000[39m 
2022-03-17:10:49:26:4926 [35mhttp[39m [35mGET /api//movie 781 - 49.095 ms[39m
[35m[39m 
2022-03-17:10:55:17:5517 [32minfo[39m [32mConectou ao banco de dados[39m 
2022-03-17:10:55:17:5517 [32minfo[39m [32mAplicação rodando na porta 3000[39m 
2022-03-17:10:55:51:5551 [32minfo[39m [32mConectou ao banco de dados[39m 
2022-03-17:10:55:51:5551 [32minfo[39m [32mAplicação rodando na porta 3000[39m 
2022-03-17:10:56:45:5645 [35mhttp[39m [35mDELETE /api//movie/6233371a7d0f6aa23cb80316 177 - 4.073 ms[39m
[35m[39m 
2022-03-17:10:57:09:579 [35mhttp[39m [35mDELETE /api/movie/6233371a7d0f6aa23cb80316 176 - 1.239 ms[39m
[35m[39m 
2022-03-17:10:58:03:583 [32minfo[39m [32mConectou ao banco de dados[39m 
2022-03-17:10:58:03:583 [32minfo[39m [32mAplicação rodando na porta 3000[39m 
2022-03-17:10:58:07:587 [35mhttp[39m [35mDELETE /api/movie/6233371a7d0f6aa23cb80316 31 - 36.747 ms[39m
[35m[39m 
2022-03-17:10:59:32:5932 [32minfo[39m [32mConectou ao banco de dados[39m 
2022-03-17:10:59:32:5932 [32minfo[39m [32mAplicação rodando na porta 3000[39m 
2022-03-17:10:59:57:5957 [35mhttp[39m [35mDELETE /api/movie/6233225539cbe31f008d8183 37 - 68.208 ms[39m
[35m[39m 
2022-03-17:11:00:03:03 [35mhttp[39m [35mGET /api//movie 648 - 20.275 ms[39m
[35m[39m 
2022-03-17:11:04:37:437 [32minfo[39m [32mConectou ao banco de dados[39m 
2022-03-17:11:04:37:437 [32minfo[39m [32mAplicação rodando na porta 3000[39m 
2022-03-17:11:05:57:557 [32minfo[39m [32mConectou ao banco de dados[39m 
2022-03-17:11:05:57:557 [32minfo[39m [32mAplicação rodando na porta 3000[39m 
2022-03-17:11:06:34:634 [35mhttp[39m [35mGET /api/movie/6233225539cbe31f008d8183 31 - 40.881 ms[39m
[35m[39m 
2022-03-17:11:09:30:930 [32minfo[39m [32mConectou ao banco de dados[39m 
2022-03-17:11:09:30:930 [32minfo[39m [32mAplicação rodando na porta 3000[39m 
2022-03-17:11:09:32:932 [32minfo[39m [32mConectou ao banco de dados[39m 
2022-03-17:11:09:32:932 [32minfo[39m [32mAplicação rodando na porta 3000[39m 
2022-03-17:11:09:42:942 [32minfo[39m [32mConectou ao banco de dados[39m 
2022-03-17:11:09:42:942 [32minfo[39m [32mAplicação rodando na porta 3000[39m 
2022-03-17:11:11:21:1121 [35mhttp[39m [35mPATCH /api/movie/6233371a7d0f6aa23cb80317 496 - 78.859 ms[39m
[35m[39m 
2022-03-17:11:13:01:131 [32minfo[39m [32mConectou ao banco de dados[39m 
2022-03-17:11:13:01:131 [32minfo[39m [32mAplicação rodando na porta 3000[39m 
2022-03-17:11:13:15:1315 [35mhttp[39m [35mPATCH /api/movie/6233371a7d0f6aa23cb80317 108 - 21.197 ms[39m
[35m[39m 
2022-03-17:11:13:31:1331 [35mhttp[39m [35mPATCH /api/movie/6233371a7d0f6aa23cb80317 498 - 82.802 ms[39m
[35m[39m 
